<?xml version="1.0" encoding="UTF-8"?>
<robot generator="Robot 6.0.1 (Python 3.9.13 on win32)" generated="20230102 20:56:45.163" rpa="false" schemaversion="3">
<suite id="s1" name="Open Application" source="C:\Users\pradn\PycharmProjects\androidproject\Tests\open_application.robot">
<test id="s1-t1" name="Mobile Test" line="12">
<kw name="Launch Mobile Application">
<kw name="Open Application" library="AppiumLibrary">
<arg>${APPIUM_SERVER}</arg>
<arg>platformName=${PLATFORM_NAME}</arg>
<arg>deviceName=${DEVICE_NAME}</arg>
<arg>app=${APP}</arg>
<arg>appPackage=${APP_PACKAGE}</arg>
<arg>appActivity=${APP_ACTIVITY}</arg>
<doc>Opens a new application to given Appium server.
Capabilities of appium server, Android and iOS,
Please check https://github.com/appium/appium/blob/master/docs/en/writing-running-appium/server-args.md
| *Option*            | *Man.* | *Description*     |
| remote_url          | Yes    | Appium server url |
| alias               | no     | alias             |
| strict_ssl          | No     | allows you to send commands to an invalid certificate host like a self-signed one. |</doc>
<status status="PASS" starttime="20230102 20:56:45.396" endtime="20230102 20:56:56.199"/>
</kw>
<status status="PASS" starttime="20230102 20:56:45.396" endtime="20230102 20:56:56.199"/>
</kw>
<kw name="Login User">
<arg>test@test.com</arg>
<arg>password@1234</arg>
<kw name="Input Text" library="AppiumLibrary">
<arg>${Form.Login.EmailAddress.Txt}</arg>
<arg>${i_email}</arg>
<doc>Types the given `text` into text field identified by `locator`.</doc>
<msg timestamp="20230102 20:56:56.208" level="INFO">Typing text 'test@test.com' into text field 'id=com.loginmodule.learning:id/textInputEditTextEmail'</msg>
<msg timestamp="20230102 20:56:56.794" level="INFO">criteria is com.loginmodule.learning:id/textInputEditTextEmail</msg>
<status status="PASS" starttime="20230102 20:56:56.204" endtime="20230102 20:56:56.794"/>
</kw>
<kw name="Input Text" library="AppiumLibrary">
<arg>${Form.Login.Password.Txt}</arg>
<arg>${i_pw}</arg>
<doc>Types the given `text` into text field identified by `locator`.</doc>
<msg timestamp="20230102 20:56:56.797" level="INFO">Typing text 'password@1234' into text field 'id=com.loginmodule.learning:id/textInputEditTextPassword'</msg>
<msg timestamp="20230102 20:56:57.337" level="INFO">criteria is com.loginmodule.learning:id/textInputEditTextPassword</msg>
<status status="PASS" starttime="20230102 20:56:56.794" endtime="20230102 20:56:57.337"/>
</kw>
<kw name="Click Element" library="AppiumLibrary">
<arg>${Form.Login.Login.Btn}</arg>
<doc>Click element identified by `locator`.</doc>
<msg timestamp="20230102 20:56:57.339" level="INFO">Clicking element 'id=com.loginmodule.learning:id/appCompatButtonLogin'.</msg>
<msg timestamp="20230102 20:56:57.910" level="INFO">criteria is com.loginmodule.learning:id/appCompatButtonLogin</msg>
<status status="PASS" starttime="20230102 20:56:57.338" endtime="20230102 20:56:57.910"/>
</kw>
<status status="PASS" starttime="20230102 20:56:56.203" endtime="20230102 20:56:57.911"/>
</kw>
<status status="PASS" starttime="20230102 20:56:45.396" endtime="20230102 20:56:57.911"/>
</test>
<status status="PASS" starttime="20230102 20:56:45.166" endtime="20230102 20:56:57.912"/>
</suite>
<statistics>
<total>
<stat pass="1" fail="0" skip="0">All Tests</stat>
</total>
<tag>
</tag>
<suite>
<stat pass="1" fail="0" skip="0" id="s1" name="Open Application">Open Application</stat>
</suite>
</statistics>
<errors>
</errors>
</robot>
